#
# A fatal error has been detected by the Java Runtime Environment:
#
#  EXCEPTION_ACCESS_VIOLATION (0xc0000005) at pc=0x7318b36a, pid=1176, tid=4352
#
# JRE version: 6.0_17-b04
# Java VM: Java HotSpot(TM) Client VM (14.3-b01 mixed mode windows-x86 )
# Problematic frame:
# C  [MSVCR90.dll+0x3b36a]
#
# If you would like to submit a bug report, please visit:
#   http://java.sun.com/webapps/bugreport/crash.jsp
# The crash happened outside the Java Virtual Machine in native code.
# See problematic frame for where to report the bug.
#

---------------  T H R E A D  ---------------

Current thread (0x1fbd4000):  JavaThread "Thread-62" [_thread_in_native, id=4352, stack(0x212c0000,0x21340000)]

siginfo: ExceptionCode=0xc0000005, reading address 0x2603b000

Registers:
EAX=0x256c0594, EBX=0x24000f08, ECX=0x3fda1565, EDX=0x00000000
ESP=0x2133d0a8, EBP=0x2133d0b0, ESI=0x2603b000, EDI=0x241af8e4
EIP=0x7318b36a, EFLAGS=0x00010212

Top of Stack: (sp=0x2133d0a8)
0x2133d0a8:   23834e78 00000000 2133d0cc 73186a79
0x2133d0b8:   24000f24 25e8c640 ff833f54 24000f24
0x2133d0c8:   23834e78 2133d0ec 74de1aeb 24000f24
0x2133d0d8:   ff833f54 25e8c640 ff833f54 00000001
0x2133d0e8:   74e3e400 2133d120 74de202b 25e8c640
0x2133d0f8:   256c0594 24000f24 25e8c628 000105d8
0x2133d108:   00000001 00000009 2133d100 2133d79c
0x2133d118:   74e11960 00000000 2133d134 74de2312 

Instructions: (pc=0x7318b36a)
0x7318b35a:   00 00 00 75 15 c1 e9 02 83 e2 03 83 f9 08 72 2a
0x7318b36a:   f3 a5 ff 24 95 84 b4 18 73 90 8b c7 ba 03 00 00 


Stack: [0x212c0000,0x21340000],  sp=0x2133d0a8,  free space=500k
Native frames: (J=compiled Java code, j=interpreted, Vv=VM code, C=native code)
C  [MSVCR90.dll+0x3b36a]
C  [MSVCR90.dll+0x36a79]
C  [uiw.dll+0x21aeb]
C  [uiw.dll+0x2202b]
C  [uiw.dll+0x22312]
C  [uiw.dll+0x223b5]
C  [uiw.dll+0x22481]
C  [uiw.dll+0x22685]
C  [USER32.dll+0x1c4e7]
C  [USER32.dll+0x35b7c]
C  [USER32.dll+0x359f3]
C  [USER32.dll+0x14f7d]
C  [ntdll.dll+0x46fce]
C  [USER32.dll+0x3535a]
C  [USER32.dll+0x27238]
C  [COMDLG32.dll+0x49dc4]
C  [COMDLG32.dll+0x49f24]
C  [COMDLG32.dll+0x2a1f7]
C  [COMDLG32.dll+0x7f97]
C  [USER32.dll+0x1c4e7]
C  [USER32.dll+0x35b7c]
C  [USER32.dll+0x359f3]
C  [USER32.dll+0x4ed5]
C  [USER32.dll+0x34f6c]
C  [USER32.dll+0x33b16]
C  [USER32.dll+0x33b76]
C  [USER32.dll+0x33b9a]
C  [COMDLG32.dll+0x597b]
C  [COMDLG32.dll+0x41b50]
C  [COMDLG32.dll+0x429d0]
C  [COMDLG32.dll+0x42b15]
C  [COMDLG32.dll+0x42b89]
C  [COMDLG32.dll+0x39aa5]
C  [COMDLG32.dll+0x3a1cf]
C  [COMDLG32.dll+0x3a365]
C  0x736314cc
C  0x736362bf
j  com.mathworks.util.NativeJava.createWindowsFileDialogMulti(JZLjava/lang/String;Ljava/lang/String;Ljava/lang/String;Ljava/lang/String;ZZLjava/lang/String;)Ljava/lang/String;+0
j  com.mathworks.mwswing.MJFileChooserPerPlatform$RunnableWindowsDispatch.run()V+47
j  java.lang.Thread.run()V+11
v  ~StubRoutines::call_stub
V  [jvm.dll+0xecf9c]
V  [jvm.dll+0x1741d1]
V  [jvm.dll+0xed167]
V  [jvm.dll+0xed1dd]
V  [jvm.dll+0x116290]
V  [jvm.dll+0x1d0414]
V  [jvm.dll+0x173e4c]
C  0x7d919565
C  [kernel32.dll+0x4ed6c]
C  [ntdll.dll+0x6377b]
C  [ntdll.dll+0x6374e]

Java frames: (J=compiled Java code, j=interpreted, Vv=VM code)
j  com.mathworks.util.NativeJava.createWindowsFileDialogMulti(JZLjava/lang/String;Ljava/lang/String;Ljava/lang/String;Ljava/lang/String;ZZLjava/lang/String;)Ljava/lang/String;+0
j  com.mathworks.mwswing.MJFileChooserPerPlatform$RunnableWindowsDispatch.run()V+47
j  java.lang.Thread.run()V+11
v  ~StubRoutines::call_stub

---------------  P R O C E S S  ---------------

Java Threads: ( => current thread )
  0x1fce1c00 JavaThread "Thread-89" [_thread_in_native, id=5808, stack(0x35410000,0x35490000)]
  0x1fce1800 JavaThread "Thread-88" [_thread_in_native, id=4664, stack(0x317f0000,0x31870000)]
  0x1fce1000 JavaThread "Thread-87" [_thread_in_native, id=616, stack(0x34d70000,0x34df0000)]
  0x1fce0c00 JavaThread "Thread-86" [_thread_in_native, id=912, stack(0x2fbf0000,0x2fc70000)]
  0x1fce0400 JavaThread "Thread-85" [_thread_in_native, id=6128, stack(0x20490000,0x20510000)]
  0x1fce0000 JavaThread "Thread-84" [_thread_in_native, id=4840, stack(0x209d0000,0x20a50000)]
  0x1fe65400 JavaThread "Thread-83" [_thread_in_native, id=1240, stack(0x2f240000,0x2f2c0000)]
  0x1fe65000 JavaThread "Thread-82" [_thread_in_native, id=1344, stack(0x304c0000,0x30540000)]
  0x1fe64800 JavaThread "Thread-81" [_thread_in_native, id=4288, stack(0x2a220000,0x2a2a0000)]
  0x1fe64400 JavaThread "Thread-80" [_thread_in_native, id=4152, stack(0x2e6f0000,0x2e770000)]
  0x1fe63c00 JavaThread "Thread-79" [_thread_in_native, id=748, stack(0x2d4b0000,0x2d530000)]
  0x1fe63800 JavaThread "Thread-78" [_thread_in_native, id=1840, stack(0x2a2d0000,0x2a350000)]
  0x1fe63000 JavaThread "Thread-77" [_thread_in_native, id=5916, stack(0x21640000,0x216c0000)]
  0x1fe62c00 JavaThread "Thread-76" [_thread_in_native, id=2496, stack(0x29610000,0x29690000)]
  0x1fe62400 JavaThread "Thread-75" [_thread_in_native, id=3076, stack(0x22900000,0x22980000)]
  0x1fe62000 JavaThread "Thread-74" [_thread_in_native, id=5568, stack(0x28330000,0x283b0000)]
  0x2022e400 JavaThread "Thread-73" [_thread_in_native, id=2856, stack(0x28b10000,0x28b90000)]
  0x2022e000 JavaThread "Thread-72" [_thread_in_native, id=3992, stack(0x28760000,0x287e0000)]
  0x2022d800 JavaThread "Thread-71" [_thread_in_native, id=1272, stack(0x283b0000,0x28430000)]
  0x2022d400 JavaThread "Thread-70" [_thread_in_native, id=3344, stack(0x08a20000,0x08aa0000)]
  0x2022cc00 JavaThread "Thread-69" [_thread_in_native, id=4904, stack(0x27ca0000,0x27d20000)]
  0x2022c800 JavaThread "Thread-68" [_thread_in_native, id=3624, stack(0x06990000,0x06a10000)]
  0x2022c000 JavaThread "Thread-67" [_thread_in_native, id=4488, stack(0x220d0000,0x22150000)]
  0x2022bc00 JavaThread "Thread-66" [_thread_in_native, id=2176, stack(0x252d0000,0x25350000)]
  0x2022b400 JavaThread "Thread-65" [_thread_in_native, id=600, stack(0x22a00000,0x22a80000)]
  0x2022b000 JavaThread "Thread-64" [_thread_in_native, id=5744, stack(0x211e0000,0x21260000)]
  0x1fbd4800 JavaThread "Thread-63" [_thread_in_native, id=4140, stack(0x223a0000,0x22420000)]
=>0x1fbd4000 JavaThread "Thread-62" [_thread_in_native, id=4352, stack(0x212c0000,0x21340000)]
  0x1fbd3c00 JavaThread "Thread-61" [_thread_in_native, id=5544, stack(0x0bd60000,0x0bde0000)]
  0x1fbd3400 JavaThread "Thread-60" [_thread_in_native, id=792, stack(0x20a80000,0x20b00000)]
  0x1fbd3000 JavaThread "Thread-59" [_thread_in_native, id=4960, stack(0x20650000,0x206d0000)]
  0x1f7a3400 JavaThread "Thread-58" [_thread_in_native, id=4464, stack(0x0ba90000,0x0bb10000)]
  0x1f7a2c00 JavaThread "Thread-57" [_thread_in_native, id=3412, stack(0x09140000,0x091c0000)]
  0x1f7a2800 JavaThread "Thread-56" [_thread_in_native, id=2540, stack(0x07090000,0x07110000)]
  0x1f7a2000 JavaThread "Foxtrot Single Worker Thread #1" daemon [_thread_blocked, id=5684, stack(0x08aa0000,0x08b20000)]
  0x1f7a1c00 JavaThread "Thread-55" [_thread_in_native, id=4844, stack(0x06d50000,0x06dd0000)]
  0x1f79e400 JavaThread "Code Analyzer updating thread" [_thread_blocked, id=5064, stack(0x06dd0000,0x06e50000)]
  0x1f79fc00 JavaThread "Active Reference Queue Daemon" daemon [_thread_blocked, id=5176, stack(0x06a30000,0x06ab0000)]
  0x1f7a1400 JavaThread "Timer-10" daemon [_thread_blocked, id=4916, stack(0x06c90000,0x06d10000)]
  0x1f79d800 JavaThread "AddressBar directory emptiness poller" [_thread_blocked, id=1676, stack(0x06ac0000,0x06b40000)]
  0x1f79ec00 JavaThread "Timer queue for AWT thread" daemon [_thread_blocked, id=3732, stack(0x06bd0000,0x06c50000)]
  0x1f7a1000 JavaThread "Timer-4" daemon [_thread_blocked, id=4768, stack(0x24c00000,0x24c80000)]
  0x1f79f800 JavaThread "Explorer NavigationContext request queue" [_thread_blocked, id=4888, stack(0x22980000,0x22a00000)]
  0x1f79e000 JavaThread "AddressBar directory emptiness poller" [_thread_in_native, id=1928, stack(0x217c0000,0x21840000)]
  0x1f79d400 JavaThread "Timer-1" [_thread_blocked, id=4852, stack(0x22770000,0x227f0000)]
  0x1f79cc00 JavaThread "TimerQueue" daemon [_thread_blocked, id=3984, stack(0x218f0000,0x21970000)]
  0x1f79c800 JavaThread "AWT-EventQueue-0" [_thread_in_native, id=4512, stack(0x21870000,0x218f0000)]
  0x1f79bc00 JavaThread "AWT-Shutdown" [_thread_blocked, id=4376, stack(0x21a00000,0x21a80000)]
  0x1f79c000 JavaThread "Prefs Updater" daemon [_thread_blocked, id=4412, stack(0x21740000,0x217c0000)]
  0x1f692400 JavaThread "FelixPackageAdmin" daemon [_thread_blocked, id=4580, stack(0x21b80000,0x21c00000)]
  0x1f692000 JavaThread "FelixStartLevel" daemon [_thread_blocked, id=4516, stack(0x21ad0000,0x21b50000)]
  0x1f6a5c00 JavaThread "FelixDispatchQueue" daemon [_thread_blocked, id=4736, stack(0x21970000,0x219f0000)]
  0x1f6d2000 JavaThread "com.google.common.base.internal.Finalizer" daemon [_thread_blocked, id=4584, stack(0x20590000,0x20610000)]
  0x1f664800 JavaThread "AWT-Windows" daemon [_thread_in_native, id=3644, stack(0x08960000,0x089e0000)]
  0x1f620c00 JavaThread "Java2D Disposer" daemon [_thread_blocked, id=5452, stack(0x0f510000,0x0f590000)]
  0x1f23c400 JavaThread "Timer-0" [_thread_blocked, id=6004, stack(0x0eb90000,0x0ec10000)]
  0x1f168c00 JavaThread "EventMgr Dispatcher" daemon [_thread_in_native, id=5036, stack(0x07320000,0x07b20000)]
  0x068b9400 JavaThread "Low Memory Detector" daemon [_thread_blocked, id=3456, stack(0x09250000,0x092d0000)]
  0x068b5400 JavaThread "CompilerThread0" daemon [_thread_blocked, id=5116, stack(0x0f590000,0x0fd90000)]
  0x068ac000 JavaThread "Attach Listener" daemon [_thread_blocked, id=6020, stack(0x07e00000,0x07e80000)]
  0x06873c00 JavaThread "Finalizer" daemon [_thread_blocked, id=1736, stack(0x07fc0000,0x08040000)]
  0x06872400 JavaThread "Reference Handler" daemon [_thread_blocked, id=5376, stack(0x08890000,0x08910000)]
  0x067fa400 JavaThread "main" [_thread_in_native, id=6136, stack(0x00040000,0x00840000)]

Other Threads:
  0x0686f000 VMThread [stack: 0x0eca0000,0x0f4a0000] [id=1184]
  0x068c3400 WatcherThread [stack: 0x1e080000,0x1e880000] [id=5212]

VM state:not at safepoint (normal execution)

VM Mutex/Monitor currently owned by a thread: None

Heap
 def new generation   total 22336K, used 4395K [0x10010000, 0x11840000, 0x12010000)
  eden space 19904K,  20% used [0x10010000, 0x1041c948, 0x11380000)
  from space 2432K,  10% used [0x11380000, 0x113be620, 0x115e0000)
  to   space 2432K,   0% used [0x115e0000, 0x115e0000, 0x11840000)
 tenured generation   total 74032K, used 48322K [0x12010000, 0x1685c000, 0x18010000)
   the space 74032K,  65% used [0x12010000, 0x14f40910, 0x14f40a00, 0x1685c000)
 compacting perm gen  total 43520K, used 43329K [0x18010000, 0x1aa90000, 0x1e010000)
   the space 43520K,  99% used [0x18010000, 0x1aa606c8, 0x1aa60800, 0x1aa90000)
No shared spaces configured.

Dynamic libraries:
0x00c20000 - 0x00c4b000 	C:\Program Files\MATLAB\R2012a\bin\win32\MATLAB.exe
0x77d50000 - 0x77e8c000 	C:\Windows\SYSTEM32\ntdll.dll
0x769b0000 - 0x76a84000 	C:\Windows\system32\kernel32.dll
0x76150000 - 0x7619a000 	C:\Windows\system32\KERNELBASE.dll
0x7ef10000 - 0x7efc0000 	C:\Program Files\MATLAB\R2012a\bin\win32\libut.dll
0x7dce0000 - 0x7dd54000 	C:\Program Files\MATLAB\R2012a\bin\win32\libmwi18n.dll
0x10000000 - 0x10009000 	C:\Program Files\MATLAB\R2012a\bin\win32\libmwresource_core.dll
0x730b0000 - 0x7313e000 	C:\Windows\WinSxS\x86_microsoft.vc90.crt_1fc8b3b9a1e18e3b_9.0.30729.6161_none_50934f2ebcb7eb57\MSVCP90.dll
0x73150000 - 0x731f3000 	C:\Windows\WinSxS\x86_microsoft.vc90.crt_1fc8b3b9a1e18e3b_9.0.30729.6161_none_50934f2ebcb7eb57\MSVCR90.dll
0x736b0000 - 0x736d3000 	C:\Program Files\MATLAB\R2012a\bin\win32\boost_filesystem-vc90-mt-1_44.dll
0x73f70000 - 0x73f77000 	C:\Program Files\MATLAB\R2012a\bin\win32\boost_system-vc90-mt-1_44.dll
0x76460000 - 0x76500000 	C:\Windows\system32\ADVAPI32.dll
0x77720000 - 0x777cc000 	C:\Windows\system32\msvcrt.dll
0x76900000 - 0x76919000 	C:\Windows\SYSTEM32\sechost.dll
0x762e0000 - 0x76381000 	C:\Windows\system32\RPCRT4.dll
0x73550000 - 0x7356f000 	C:\Program Files\MATLAB\R2012a\bin\win32\LIBEXPAT.dll
0x72eb0000 - 0x73035000 	C:\Program Files\MATLAB\R2012a\bin\win32\icuin44.dll
0x7ea10000 - 0x7eb2f000 	C:\Program Files\MATLAB\R2012a\bin\win32\icuuc44.dll
0x00c50000 - 0x01a91000 	C:\Program Files\MATLAB\R2012a\bin\win32\icudt44.dll
0x00a40000 - 0x00b17000 	C:\Program Files\MATLAB\R2012a\bin\win32\libmwfl.dll
0x73cd0000 - 0x73f3b000 	C:\Program Files\MATLAB\R2012a\bin\win32\libmwMATLAB_res.dll
0x00b40000 - 0x00b4e000 	C:\Program Files\MATLAB\R2012a\bin\win32\boost_date_time-vc90-mt-1_44.dll
0x73c80000 - 0x73c8f000 	C:\Program Files\MATLAB\R2012a\bin\win32\boost_signals-vc90-mt-1_44.dll
0x00b70000 - 0x00b7e000 	C:\Program Files\MATLAB\R2012a\bin\win32\boost_thread-vc90-mt-1_44.dll
0x761a0000 - 0x761ca000 	C:\Windows\system32\imagehlp.dll
0x77ea0000 - 0x77ea5000 	C:\Windows\system32\PSAPI.DLL
0x00b90000 - 0x00b9f000 	C:\Program Files\MATLAB\R2012a\bin\win32\icuio44.dll
0x733e0000 - 0x734cb000 	C:\Windows\system32\dbghelp.dll
0x765e0000 - 0x766a9000 	C:\Windows\system32\USER32.dll
0x77f30000 - 0x77f7e000 	C:\Windows\system32\GDI32.dll
0x77e90000 - 0x77e9a000 	C:\Windows\system32\LPK.dll
0x777d0000 - 0x7786d000 	C:\Windows\system32\USP10.dll
0x754e0000 - 0x756e6000 	C:\Program Files\MATLAB\R2012a\bin\win32\libmwservices.dll
0x7db50000 - 0x7dbda000 	C:\Program Files\MATLAB\R2012a\bin\win32\libmx.dll
0x73730000 - 0x73744000 	C:\Program Files\MATLAB\R2012a\bin\win32\zlib1.dll
0x00be0000 - 0x00bf9000 	C:\Program Files\MATLAB\R2012a\bin\win32\libmwmfl_scalar.dll
0x7df40000 - 0x7df76000 	C:\Program Files\MATLAB\R2012a\bin\win32\mpath.dll
0x72990000 - 0x72d26000 	C:\Program Files\MATLAB\R2012a\bin\win32\mlutil.dll
0x70f20000 - 0x70f7c000 	C:\Program Files\MATLAB\R2012a\bin\win32\xmlcore.dll
0x71cf0000 - 0x71ea2000 	C:\Program Files\MATLAB\R2012a\bin\win32\xerces-c_2_7.dll
0x776e0000 - 0x77715000 	C:\Windows\system32\WS2_32.dll
0x761d0000 - 0x761d6000 	C:\Windows\system32\NSI.dll
0x01ad0000 - 0x01ae5000 	C:\Program Files\MATLAB\R2012a\bin\win32\libmwMATLAB_settings_res.dll
0x01b00000 - 0x01b39000 	C:\Program Files\MATLAB\R2012a\bin\win32\boost_serialization-vc90-mt-1_44.dll
0x01b50000 - 0x01b83000 	C:\Program Files\MATLAB\R2012a\bin\win32\tbb.dll
0x76a90000 - 0x776da000 	C:\Windows\system32\SHELL32.dll
0x76580000 - 0x765d7000 	C:\Windows\system32\SHLWAPI.dll
0x727a0000 - 0x72824000 	C:\Windows\WinSxS\x86_microsoft.windows.common-controls_6595b64144ccf1df_5.82.7601.17514_none_ec83dffa859149af\COMCTL32.dll
0x77eb0000 - 0x77f2b000 	C:\Windows\system32\COMDLG32.dll
0x74610000 - 0x74621000 	C:\Windows\system32\NETAPI32.dll
0x01ba0000 - 0x01ba9000 	C:\Windows\system32\netutils.dll
0x75b30000 - 0x75b49000 	C:\Windows\system32\srvcli.dll
0x74600000 - 0x7460f000 	C:\Windows\system32\wkscli.dll
0x76710000 - 0x7686c000 	C:\Windows\system32\ole32.dll
0x76870000 - 0x768ff000 	C:\Windows\system32\OLEAUT32.dll
0x7f270000 - 0x7f396000 	C:\Program Files\MATLAB\R2012a\bin\win32\mcr.dll
0x7d4b0000 - 0x7d74f000 	C:\Program Files\MATLAB\R2012a\bin\win32\iqm.dll
0x01bd0000 - 0x020dd000 	C:\Program Files\MATLAB\R2012a\bin\win32\m_interpreter.dll
0x70f00000 - 0x70f1c000 	C:\Program Files\MATLAB\R2012a\bin\win32\libmex.dll
0x02100000 - 0x0217a000 	C:\Program Files\MATLAB\R2012a\bin\win32\m_dispatcher.dll
0x7f130000 - 0x7f1ec000 	C:\Program Files\MATLAB\R2012a\bin\win32\boost_regex-vc90-mt-1_44.dll
0x021a0000 - 0x021fc000 	C:\Program Files\MATLAB\R2012a\bin\win32\profiler.dll
0x02210000 - 0x0242a000 	C:\Program Files\MATLAB\R2012a\bin\win32\libmwmathutil.dll
0x734f0000 - 0x73513000 	C:\Program Files\MATLAB\R2012a\bin\win32\libmwmathrng.dll
0x7c390000 - 0x7c427000 	C:\Program Files\MATLAB\R2012a\bin\win32\libmwmathcore.dll
0x7e000000 - 0x7e04b000 	C:\Program Files\MATLAB\R2012a\bin\win32\libmwspmatrix.dll
0x7dbf0000 - 0x7dc3b000 	C:\Program Files\MATLAB\R2012a\bin\win32\libmwcholmod.dll
0x02480000 - 0x0248a000 	C:\Program Files\MATLAB\R2012a\bin\win32\libmwamd.dll
0x024a0000 - 0x024aa000 	C:\Program Files\MATLAB\R2012a\bin\win32\libmwcolamd.dll
0x70c50000 - 0x70c61000 	C:\Program Files\MATLAB\R2012a\bin\win32\libmwblas.dll
0x74560000 - 0x7456e000 	C:\Program Files\MATLAB\R2012a\bin\win32\libmwbinder.dll
0x70ae0000 - 0x70ae9000 	C:\Program Files\MATLAB\R2012a\bin\win32\libmwompwrapper.dll
0x70aa0000 - 0x70ada000 	C:\Program Files\MATLAB\R2012a\bin\win32\libmwlapack.dll
0x70a20000 - 0x70a35000 	C:\Program Files\MATLAB\R2012a\bin\win32\m_pcodeio.dll
0x7e080000 - 0x7e0ca000 	C:\Program Files\MATLAB\R2012a\bin\win32\m_ir.dll
0x02520000 - 0x02a59000 	C:\Program Files\MATLAB\R2012a\bin\win32\m_parser.dll
0x02a70000 - 0x02a82000 	C:\Program Files\MATLAB\R2012a\bin\win32\ir_xfmr.dll
0x02aa0000 - 0x02c37000 	C:\Program Files\MATLAB\R2012a\bin\win32\mcos.dll
0x02c50000 - 0x02c5a000 	C:\Program Files\MATLAB\R2012a\bin\win32\mtok.dll
0x02c70000 - 0x02c94000 	C:\Program Files\MATLAB\R2012a\bin\win32\m_pcodegen.dll
0x7e1c0000 - 0x7e1ea000 	C:\Program Files\MATLAB\R2012a\bin\win32\libmwbridge.dll
0x02cc0000 - 0x02d52000 	C:\Program Files\MATLAB\R2012a\bin\win32\udd.dll
0x02d70000 - 0x02e7d000 	C:\Program Files\MATLAB\R2012a\bin\win32\libmwgui.dll
0x02e90000 - 0x02ea2000 	C:\Program Files\MATLAB\R2012a\bin\win32\graphics_util.dll
0x02ec0000 - 0x034fc000 	C:\Program Files\MATLAB\R2012a\bin\win32\hg.dll
0x03510000 - 0x03552000 	C:\Program Files\MATLAB\R2012a\bin\win32\libmat.dll
0x75d10000 - 0x75ef5000 	C:\Program Files\MATLAB\R2012a\bin\win32\hdf5dll.dll
0x7d9d0000 - 0x7da51000 	C:\Program Files\MATLAB\R2012a\bin\win32\jmi.dll
0x03590000 - 0x0359b000 	C:\Program Files\MATLAB\R2012a\bin\win32\nativejava_services.dll
0x035b0000 - 0x035e2000 	C:\Program Files\MATLAB\R2012a\bin\win32\libmwhardcopy.dll
0x03600000 - 0x0363f000 	C:\Program Files\MATLAB\R2012a\bin\win32\libuij.dll
0x03650000 - 0x037a6000 	C:\Program Files\MATLAB\R2012a\bin\win32\hgdatatypes.dll
0x037c0000 - 0x03865000 	C:\Program Files\MATLAB\R2012a\bin\win32\hgutils.dll
0x03880000 - 0x03906000 	C:\Program Files\MATLAB\R2012a\bin\win32\udd_mi.dll
0x03920000 - 0x0394f000 	C:\Program Files\MATLAB\R2012a\bin\win32\libmwgbtutils.dll
0x03960000 - 0x03973000 	C:\Program Files\MATLAB\R2012a\bin\win32\libmwgbt.dll
0x74dc0000 - 0x75057000 	C:\Program Files\MATLAB\R2012a\bin\win32\uiw.dll
0x039a0000 - 0x039ad000 	C:\Program Files\MATLAB\R2012a\bin\win32\uinone.dll
0x732a0000 - 0x732b2000 	C:\Windows\system32\MPR.dll
0x039c0000 - 0x03d5d000 	C:\Windows\WinSxS\x86_microsoft.vc90.mfc_1fc8b3b9a1e18e3b_9.0.30729.6161_none_4bf7e3e2bf9ada4c\mfc90.dll
0x03d60000 - 0x03d65000 	C:\Windows\system32\MSIMG32.dll
0x75420000 - 0x75471000 	C:\Windows\system32\WINSPOOL.DRV
0x03d70000 - 0x03d88000 	C:\Program Files\MATLAB\R2012a\bin\win32\mwoles05.DLL
0x03da0000 - 0x03df4000 	C:\Program Files\MATLAB\R2012a\bin\win32\comcli.dll
0x73aa0000 - 0x73acb000 	C:\Windows\WinSxS\x86_microsoft.vc90.atl_1fc8b3b9a1e18e3b_9.0.30729.6161_none_51cd0a7abbe4e19b\ATL90.DLL
0x03e10000 - 0x03e19000 	C:\Program Files\MATLAB\R2012a\bin\win32\mlautoregister.dll
0x03e30000 - 0x03e3d000 	C:\Program Files\MATLAB\R2012a\bin\win32\boost_iostreams-vc90-mt-1_44.dll
0x76500000 - 0x7651f000 	C:\Windows\system32\IMM32.DLL
0x76390000 - 0x7645c000 	C:\Windows\system32\MSCTF.dll
0x03e70000 - 0x03e78000 	C:\Windows\KATRACK.DLL
0x74d30000 - 0x74d70000 	C:\Windows\system32\UxTheme.dll
0x74a10000 - 0x74a23000 	C:\Windows\system32\dwmapi.dll
0x03fa0000 - 0x03fad000 	C:\Windows\WinSxS\x86_microsoft.vc90.mfcloc_1fc8b3b9a1e18e3b_9.0.30729.6161_none_49768ef57548175e\MFC90ENU.DLL
0x040c0000 - 0x040dd000 	C:\Program Files\MATLAB\R2012a\bin\win32\tbbmalloc.dll
0x052c0000 - 0x052cb000 	C:\Windows\system32\profapi.dll
0x052d0000 - 0x052dd000 	C:\Program Files\MATLAB\R2012a\bin\win32\xmlxrcsc.dll
0x05410000 - 0x0541c000 	C:\Windows\system32\CRYPTBASE.dll
0x05a70000 - 0x05c0e000 	C:\Windows\WinSxS\x86_microsoft.windows.common-controls_6595b64144ccf1df_6.0.7601.17514_none_41e6975e2bd6f2b2\comctl32.dll
0x05dd0000 - 0x05e1c000 	C:\Windows\system32\apphelp.dll
0x76920000 - 0x769a3000 	C:\Windows\system32\CLBCatQ.DLL
0x748a0000 - 0x74995000 	C:\Windows\system32\PROPSYS.dll
0x74b10000 - 0x74b18000 	C:\Windows\System32\drprov.dll
0x05d80000 - 0x05da9000 	C:\Windows\System32\WINSTA.dll
0x74ae0000 - 0x74af4000 	C:\Windows\System32\ntlanman.dll
0x74a90000 - 0x74aa7000 	C:\Windows\System32\davclnt.dll
0x74a80000 - 0x74a88000 	C:\Windows\System32\DAVHLPR.dll
0x72d70000 - 0x72d7b000 	C:\Windows\system32\cscapi.dll
0x07b20000 - 0x07dab000 	C:\Program Files\MATLAB\R2012a\sys\java\jre\win32\jre\bin\client\jvm.dll

VM Arguments:
jvm_args: -Xss512k -XX:PermSize=32m -Xms64m -XX:NewRatio=3 -XX:MaxPermSize=96m -Xmx128m -XX:MaxDirectMemorySize=1200000000 -Dsun.java2d.noddraw=true -Dsun.awt.nopixfmt=true -Xshare:off -Xrs -Dsun.awt.disableMixing=true -Djava.library.path=C:\Program Files\MATLAB\R2012a\bin\win32 vfprintf abort 
java_command: <unknown>
Launcher Type: generic

Environment Variables:
CLASSPATH=.;C:\Program Files\QuickTime\QTSystem\QTJava.zip
PATH=C:\Program Files\INRO\Emme\Emme 3.4\Emme-3.4.1\programs;C:\Program Files\NVIDIA Corporation\PhysX\Common;C:\PROGRA~1\MKSTOO~1\bin;C:\PROGRA~1\MKSTOO~1\bin\X11;C:\PROGRA~1\MKSTOO~1\mksnt;C:\MSC.Software\Patran\20121\bin;C:\Program Files\Autodesk\Alias2013\bin;C:\watcom-1.3\binnt;C:\watcom-1.3\binw;C:\Windows\system32;C:\Windows;C:\Windows\System32\Wbem;C:\Windows\System32\WindowsPowerShell\v1.0\;C:\Program Files\QuickTime\QTSystem\;C:\Program Files\TortoiseSVN\bin;C:\Program Files\MATLAB\R2012a\runtime\win32;C:\Program Files\MATLAB\R2012a\bin;c:\Program Files\Microsoft SQL Server\100\Tools\Binn\;c:\Program Files\Microsoft SQL Server\100\DTS\Binn\;C:\Program Files\Common Files\Autodesk Shared\;C:\Program Files\PTC\Creo Elements\Pro5.0\bin;C:\Program Files\PTC\Creo Elements\Pro5.0\mech\bin;Z:\ProMod4;c:\Program Files\Microsoft SQL Server\90\Tools\binn\;C:\Program Files\Microsoft SQL Server\80\Tools\Binn\;C:\Program Files\Common Files\AspenTech Shared\;C:\Program Files\IVI Foundation\IVI\bin;C:\Program Files\IVI Foundation\VISA\WinNT\Bin\;C:\Program Files\IVI Foundation\VISA\WinNT\Bin;C:\Program Files\National Instruments\Shared\System\;C:\Program Files\National Instruments\Motion Assistant\bin\mxwplugins;c:\altera\90\quartus\bin;C:\Program Files\SASHome\Secure;C:\Cadence\SPB_15.2\tools\bin;C:\Cadence\SPB_15.2\tools\pcb\bin;C:\Cadence\SPB_15.2\tools\specctra\bin;C:\Cadence\SPB_15.2\tools\Capture;C:\Cadence\SPB_15.2\tools\fet\bin;C:\Cadence\SPB_15.2\tools\libutil\bin;C:\arcgis\arcexe10x\bin;Z:\MinGW\bin;C:\Daysim\bin_windows\;AspenTech\Aspen Hydraulics
USERNAME=llugos
DISPLAY=:0.0
OS=Windows_NT
PROCESSOR_IDENTIFIER=x86 Family 6 Model 42 Stepping 7, GenuineIntel



---------------  S Y S T E M  ---------------

OS: Windows 7 Build 7601 Service Pack 1

CPU:total 4 (8 cores per cpu, 2 threads per core) family 6 model 42 stepping 7, cmov, cx8, fxsr, mmx, sse, sse2, sse3, ssse3, sse4.1, sse4.2, ht

Memory: 4k page, physical 3396504k(1586332k free), swap 4194303k(4194303k free)

vm_info: Java HotSpot(TM) Client VM (14.3-b01) for windows-x86 JRE (1.6.0_17-b04), built on Oct 11 2009 00:52:06 by "java_re" with MS VC++ 7.1

time: Thu Sep 27 13:20:04 2012
elapsed time: 5543 seconds

